<?xml version="1.0" encoding="UTF-8"?>
<!-- Generated by org.testng.reporters.JUnitReportReporter -->
<testsuite hostname="DESKTOP-6PNJ0CA" failures="0" tests="1" name="Loans.BikeLoans" time="0.010" errors="0" timestamp="2023-02-28T19:08:52 IST" skipped="0">
  <testcase classname="Loans.BikeLoans" name="securedLoan" time="0.010"/>
  <system-out/>
</testsuite> <!-- Loans.BikeLoans -->
