<?xml version="1.0" encoding="UTF-8"?>
<!-- Generated by org.testng.reporters.JUnitReportReporter -->
<testsuite hostname="DESKTOP-6PNJ0CA" failures="0" tests="1" name="Loans.CarLoans" time="0.004" errors="0" timestamp="2023-02-28T19:08:52 IST" skipped="0">
  <testcase classname="Loans.CarLoans" name="newcarLoan" time="0.004"/>
  <system-out/>
</testsuite> <!-- Loans.CarLoans -->
